<?xml version="1.0" encoding="UTF-8"?>
<!-- Generated by org.testng.reporters.JUnitReportReporter -->
<testsuite hostname="Reshma-Rajesh" failures="0" tests="1" name="testScript.AdminUserTest" time="12.675" errors="0" timestamp="2025-03-06T11:10:16 IST" skipped="0">
  <testcase classname="testScript.AdminUserTest" name="adminUserAdding" time="12.675"/>
</testsuite> <!-- testScript.AdminUserTest -->
