<?xml version="1.0" encoding="UTF-8"?>
<!-- Generated by org.testng.reporters.JUnitReportReporter -->
<testsuite hostname="Reshma-Rajesh" failures="0" tests="1" name="testScript.ManageNewsTest" time="6.788" errors="0" timestamp="2025-03-05T23:17:42 IST" skipped="0">
  <testcase classname="testScript.ManageNewsTest" name="checkManageNews" time="6.788"/>
</testsuite> <!-- testScript.ManageNewsTest -->
