<?xml version="1.0" encoding="UTF-8"?>
<!-- Generated by org.testng.reporters.JUnitReportReporter -->
<testsuite hostname="Reshma-Rajesh" failures="0" tests="1" name="testScript.HomeTest" time="10.819" errors="0" timestamp="2025-03-04T13:25:43 IST" skipped="0">
  <testcase classname="testScript.HomeTest" name="homeAdminAndLogout" time="10.819"/>
</testsuite> <!-- testScript.HomeTest -->
