<?xml version="1.0" encoding="UTF-8"?>
<!-- Generated by org.testng.reporters.JUnitReportReporter -->
<testsuite hostname="Reshma-Rajesh" failures="0" tests="3" name="testScript.SubCategoryTest" time="16.355" errors="0" timestamp="2025-03-05T23:06:59 IST" skipped="0">
  <testcase classname="testScript.SubCategoryTest" name="subCategoryfile" time="6.867"/>
  <testcase classname="testScript.SubCategoryTest" name="verifyUserAbleToSearchSubcategory" time="4.792"/>
  <testcase classname="testScript.SubCategoryTest" name="verifyRestButtonFunctionality" time="4.696"/>
</testsuite> <!-- testScript.SubCategoryTest -->
