<?xml version="1.0" encoding="UTF-8"?>
<!-- Generated by org.testng.reporters.JUnitReportReporter -->
<testsuite hostname="Reshma-Rajesh" failures="0" tests="2" name="testScript.LoginTest" time="50.477" errors="0" timestamp="2025-03-05T19:23:48 IST" skipped="0">
  <testcase classname="testScript.LoginTest" name="verifyUserLoginWithIncorrectUsernameAndIncorrectPassword" time="25.101"/>
  <testcase classname="testScript.LoginTest" name="verifyUserLoginWithIncorrectUsernameAndIncorrectPassword" time="25.376"/>
</testsuite> <!-- testScript.LoginTest -->
